2023-03-10T16:58:53.658Z: Error: Oops!
    at testMiddleware (C:\Code\RGT\kt-express\src\controllers\testMiddleware.ts:4:12)
    at Layer.handle [as handle_request] (C:\Code\RGT\kt-express\node_modules\express\lib\router\layer.js:95:5)
    at next (C:\Code\RGT\kt-express\node_modules\express\lib\router\route.js:144:13)
    at Route.dispatch (C:\Code\RGT\kt-express\node_modules\express\lib\router\route.js:114:3)
    at Layer.handle [as handle_request] (C:\Code\RGT\kt-express\node_modules\express\lib\router\layer.js:95:5)
    at C:\Code\RGT\kt-express\node_modules\express\lib\router\index.js:284:15
    at Function.process_params (C:\Code\RGT\kt-express\node_modules\express\lib\router\index.js:346:12)
    at next (C:\Code\RGT\kt-express\node_modules\express\lib\router\index.js:280:10)
    at Function.handle (C:\Code\RGT\kt-express\node_modules\express\lib\router\index.js:175:3)
    at router (C:\Code\RGT\kt-express\node_modules\express\lib\router\index.js:47:12)
2023-03-10T16:59:14.770Z: Error: Oops!
    at testMiddleware (C:\Code\RGT\kt-express\src\controllers\testMiddleware.ts:4:12)
    at Layer.handle [as handle_request] (C:\Code\RGT\kt-express\node_modules\express\lib\router\layer.js:95:5)
    at next (C:\Code\RGT\kt-express\node_modules\express\lib\router\route.js:144:13)
    at Route.dispatch (C:\Code\RGT\kt-express\node_modules\express\lib\router\route.js:114:3)
    at Layer.handle [as handle_request] (C:\Code\RGT\kt-express\node_modules\express\lib\router\layer.js:95:5)
    at C:\Code\RGT\kt-express\node_modules\express\lib\router\index.js:284:15
    at Function.process_params (C:\Code\RGT\kt-express\node_modules\express\lib\router\index.js:346:12)
    at next (C:\Code\RGT\kt-express\node_modules\express\lib\router\index.js:280:10)
    at Function.handle (C:\Code\RGT\kt-express\node_modules\express\lib\router\index.js:175:3)
    at router (C:\Code\RGT\kt-express\node_modules\express\lib\router\index.js:47:12)
